2024-11-27 23:50:47,660 - INFO - Function 'main' executed in 9.1004 seconds.
2024-11-27 23:51:07,072 - INFO - Function 'main' executed in 9.3934 seconds.
2024-11-28 00:00:50,935 - INFO - Function 'compute_optimal_route' executed in 4.5653 seconds.
2024-11-28 00:01:17,838 - INFO - Function 'compute_optimal_route' executed in 10.7254 seconds.
2024-11-28 00:16:43,856 - INFO - Function 'build_the_graph' executed in 0.0176 seconds.
2024-11-28 00:16:43,860 - INFO - Function 'calculate_weights' executed in 0.0036 seconds.
2024-11-28 00:16:43,861 - INFO - Function 'find_route' executed in 0.0003 seconds.
2024-11-28 00:16:43,877 - INFO - Function 'compute_totals_and_print' executed in 0.0064 seconds.
2024-11-28 00:31:49,594 - INFO - Function 'build_the_graph' executed in 0.0153 seconds.
2024-11-28 00:31:49,595 - INFO - Function 'calculate_weights' executed in 0.0009 seconds.
2024-11-28 00:31:49,595 - INFO - Function 'find_route' executed in 0.0001 seconds.
2024-11-28 00:31:49,602 - INFO - Function 'compute_totals_and_print' executed in 0.0065 seconds.
2024-11-28 00:32:09,269 - INFO - Function 'build_the_graph' executed in 0.0157 seconds.
2024-11-28 00:32:09,270 - INFO - Function 'calculate_weights' executed in 0.0010 seconds.
2024-11-28 00:32:09,271 - INFO - Function 'find_route' executed in 0.0001 seconds.
2024-11-28 00:32:09,286 - INFO - Function 'compute_totals_and_print' executed in 0.0144 seconds.
2024-11-28 00:32:37,230 - INFO - Function 'build_the_graph' executed in 0.0162 seconds.
2024-11-28 00:32:37,232 - INFO - Function 'calculate_weights' executed in 0.0009 seconds.
2024-11-28 00:32:37,232 - INFO - Function 'find_route' executed in 0.0001 seconds.
2024-11-28 00:32:37,240 - INFO - Function 'compute_totals_and_print' executed in 0.0067 seconds.
2024-11-28 00:42:20,549 - INFO - Function 'build_the_graph' executed in 0.0156 seconds.
2024-11-28 00:42:20,550 - INFO - Function 'calculate_weights' executed in 0.0009 seconds.
2024-11-28 00:42:20,551 - INFO - Function 'find_route' executed in 0.0001 seconds.
2024-11-28 00:42:20,557 - INFO - Function 'compute_totals_and_print' executed in 0.0059 seconds.
2024-11-28 00:42:20,558 - INFO - Total execution time: 0.0225 seconds.
